
c:\Users\jsnajberk\Documents\GitHub\pmd>set MAVEN_OPTS=-Xmx512M -XX:MaxPermSize=128M -Dfile.encoding=UTF-8 
[INFO] Scanning for projects...
[INFO] Reactor build order: 
[INFO]   PMD
[INFO]   PMD Aggregate Project
[INFO] ------------------------------------------------------------------------
[INFO] Building PMD
[INFO]    task-segment: [install]
[INFO] ------------------------------------------------------------------------
[INFO] [enforcer:enforce {execution: enforce-maven}]
[INFO] [build-helper:add-source {execution: add-javacc-generated-sources}]
[INFO] Source directory: C:\Users\jsnajberk\Documents\GitHub\pmd\pmd\target\generated-sources\javacc added.
[INFO] [antrun:run {execution: generate-sources}]
[INFO] Executing tasks

main:

checkUpToDate:
     [echo] up to date check: javaccBuildNotRequired=true

init:

dummyjjtree:

javajjtree:

jspjjtree:

cppjavacc:

cleanup:

alljavacc:
[INFO] Executed tasks
[debug] execute contextualize
[INFO] [resources:resources {execution: default-resources}]
[INFO] Using 'UTF-8' encoding to copy filtered resources.
[INFO] Copying 66 resources
[INFO] [compiler:compile {execution: default-compile}]
[INFO] Compiling 22 source files to C:\Users\jsnajberk\Documents\GitHub\pmd\pmd\target\classes
[INFO] -------------------------------------------------------------
[ERROR] COMPILATION ERROR : 
[INFO] -------------------------------------------------------------
[ERROR] \Users\jsnajberk\Documents\GitHub\pmd\pmd\target\generated-sources\javacc\net\sourceforge\pmd\lang\jsp\ast\JspParser.java:[48,31] cannot access JspParser
class file for JspParser not found
  ASTCompilationUnit jjtn000 = new ASTCompilationUnit(this, JJTCOMPILATIONUNIT);
[ERROR] \Users\jsnajberk\Documents\GitHub\pmd\pmd\target\generated-sources\javacc\net\sourceforge\pmd\lang\jsp\ast\JspParser.java:[149,23] cannot find symbol
symbol  : constructor ASTContent(net.sourceforge.pmd.lang.jsp.ast.JspParser,int)
location: class net.sourceforge.pmd.lang.jsp.ast.ASTContent
[ERROR] \Users\jsnajberk\Documents\GitHub\pmd\pmd\target\generated-sources\javacc\net\sourceforge\pmd\lang\jsp\ast\JspParser.java:[258,34] cannot find symbol
symbol  : constructor ASTJspDirective(net.sourceforge.pmd.lang.jsp.ast.JspParser,int)
location: class net.sourceforge.pmd.lang.jsp.ast.ASTJspDirective
[ERROR] \Users\jsnajberk\Documents\GitHub\pmd\pmd\target\generated-sources\javacc\net\sourceforge\pmd\lang\jsp\ast\JspParser.java:[301,43] cannot find symbol
symbol  : constructor ASTJspDirectiveAttribute(net.sourceforge.pmd.lang.jsp.ast.JspParser,int)
location: class net.sourceforge.pmd.lang.jsp.ast.ASTJspDirectiveAttribute
[ERROR] \Users\jsnajberk\Documents\GitHub\pmd\pmd\target\generated-sources\javacc\net\sourceforge\pmd\lang\jsp\ast\JspParser.java:[321,34] cannot find symbol
symbol  : constructor ASTJspScriptlet(net.sourceforge.pmd.lang.jsp.ast.JspParser,int)
location: class net.sourceforge.pmd.lang.jsp.ast.ASTJspScriptlet
[ERROR] \Users\jsnajberk\Documents\GitHub\pmd\pmd\target\generated-sources\javacc\net\sourceforge\pmd\lang\jsp\ast\JspParser.java:[338,35] cannot find symbol
symbol  : constructor ASTJspExpression(net.sourceforge.pmd.lang.jsp.ast.JspParser,int)
location: class net.sourceforge.pmd.lang.jsp.ast.ASTJspExpression
[ERROR] \Users\jsnajberk\Documents\GitHub\pmd\pmd\target\generated-sources\javacc\net\sourceforge\pmd\lang\jsp\ast\JspParser.java:[355,36] cannot find symbol
symbol  : constructor ASTJspDeclaration(net.sourceforge.pmd.lang.jsp.ast.JspParser,int)
location: class net.sourceforge.pmd.lang.jsp.ast.ASTJspDeclaration
[ERROR] \Users\jsnajberk\Documents\GitHub\pmd\pmd\target\generated-sources\javacc\net\sourceforge\pmd\lang\jsp\ast\JspParser.java:[372,32] cannot find symbol
symbol  : constructor ASTJspComment(net.sourceforge.pmd.lang.jsp.ast.JspParser,int)
location: class net.sourceforge.pmd.lang.jsp.ast.ASTJspComment
[ERROR] \Users\jsnajberk\Documents\GitHub\pmd\pmd\target\generated-sources\javacc\net\sourceforge\pmd\lang\jsp\ast\JspParser.java:[394,26] cannot find symbol
symbol  : constructor ASTText(net.sourceforge.pmd.lang.jsp.ast.JspParser,int)
location: class net.sourceforge.pmd.lang.jsp.ast.ASTText
[ERROR] \Users\jsnajberk\Documents\GitHub\pmd\pmd\target\generated-sources\javacc\net\sourceforge\pmd\lang\jsp\ast\JspParser.java:[451,28] cannot find symbol
symbol  : constructor ASTUnparsedText(net.sourceforge.pmd.lang.jsp.ast.JspParser,int)
location: class net.sourceforge.pmd.lang.jsp.ast.ASTUnparsedText
[ERROR] \Users\jsnajberk\Documents\GitHub\pmd\pmd\target\generated-sources\javacc\net\sourceforge\pmd\lang\jsp\ast\JspParser.java:[470,28] cannot find symbol
symbol  : constructor ASTUnparsedText(net.sourceforge.pmd.lang.jsp.ast.JspParser,int)
location: class net.sourceforge.pmd.lang.jsp.ast.ASTUnparsedText
[ERROR] \Users\jsnajberk\Documents\GitHub\pmd\pmd\target\generated-sources\javacc\net\sourceforge\pmd\lang\jsp\ast\JspParser.java:[493,28] cannot find symbol
symbol  : constructor ASTUnparsedText(net.sourceforge.pmd.lang.jsp.ast.JspParser,int)
location: class net.sourceforge.pmd.lang.jsp.ast.ASTUnparsedText
[ERROR] \Users\jsnajberk\Documents\GitHub\pmd\pmd\target\generated-sources\javacc\net\sourceforge\pmd\lang\jsp\ast\JspParser.java:[516,28] cannot find symbol
symbol  : constructor ASTUnparsedText(net.sourceforge.pmd.lang.jsp.ast.JspParser,int)
location: class net.sourceforge.pmd.lang.jsp.ast.ASTUnparsedText
[ERROR] \Users\jsnajberk\Documents\GitHub\pmd\pmd\target\generated-sources\javacc\net\sourceforge\pmd\lang\jsp\ast\JspParser.java:[538,34] cannot find symbol
symbol  : constructor ASTElExpression(net.sourceforge.pmd.lang.jsp.ast.JspParser,int)
location: class net.sourceforge.pmd.lang.jsp.ast.ASTElExpression
[ERROR] \Users\jsnajberk\Documents\GitHub\pmd\pmd\target\generated-sources\javacc\net\sourceforge\pmd\lang\jsp\ast\JspParser.java:[557,34] cannot find symbol
symbol  : constructor ASTValueBinding(net.sourceforge.pmd.lang.jsp.ast.JspParser,int)
location: class net.sourceforge.pmd.lang.jsp.ast.ASTValueBinding
[ERROR] \Users\jsnajberk\Documents\GitHub\pmd\pmd\target\generated-sources\javacc\net\sourceforge\pmd\lang\jsp\ast\JspParser.java:[576,34] cannot find symbol
symbol  : constructor ASTElExpression(net.sourceforge.pmd.lang.jsp.ast.JspParser,int)
location: class net.sourceforge.pmd.lang.jsp.ast.ASTElExpression
[ERROR] \Users\jsnajberk\Documents\GitHub\pmd\pmd\target\generated-sources\javacc\net\sourceforge\pmd\lang\jsp\ast\JspParser.java:[595,27] cannot find symbol
symbol  : constructor ASTCData(net.sourceforge.pmd.lang.jsp.ast.JspParser,int)
location: class net.sourceforge.pmd.lang.jsp.ast.ASTCData
[ERROR] \Users\jsnajberk\Documents\GitHub\pmd\pmd\target\generated-sources\javacc\net\sourceforge\pmd\lang\jsp\ast\JspParser.java:[631,29] cannot find symbol
symbol  : constructor ASTElement(net.sourceforge.pmd.lang.jsp.ast.JspParser,int)
location: class net.sourceforge.pmd.lang.jsp.ast.ASTElement
[ERROR] \Users\jsnajberk\Documents\GitHub\pmd\pmd\target\generated-sources\javacc\net\sourceforge\pmd\lang\jsp\ast\JspParser.java:[706,31] cannot find symbol
symbol  : constructor ASTAttribute(net.sourceforge.pmd.lang.jsp.ast.JspParser,int)
location: class net.sourceforge.pmd.lang.jsp.ast.ASTAttribute
[ERROR] \Users\jsnajberk\Documents\GitHub\pmd\pmd\target\generated-sources\javacc\net\sourceforge\pmd\lang\jsp\ast\JspParser.java:[742,36] cannot find symbol
symbol  : constructor ASTAttributeValue(net.sourceforge.pmd.lang.jsp.ast.JspParser,int)
location: class net.sourceforge.pmd.lang.jsp.ast.ASTAttributeValue
[ERROR] \Users\jsnajberk\Documents\GitHub\pmd\pmd\target\generated-sources\javacc\net\sourceforge\pmd\lang\jsp\ast\JspParser.java:[931,46] cannot find symbol
symbol  : constructor ASTJspExpressionInAttribute(net.sourceforge.pmd.lang.jsp.ast.JspParser,int)
location: class net.sourceforge.pmd.lang.jsp.ast.ASTJspExpressionInAttribute
[ERROR] \Users\jsnajberk\Documents\GitHub\pmd\pmd\target\generated-sources\javacc\net\sourceforge\pmd\lang\jsp\ast\JspParser.java:[950,32] cannot find symbol
symbol  : constructor ASTCommentTag(net.sourceforge.pmd.lang.jsp.ast.JspParser,int)
location: class net.sourceforge.pmd.lang.jsp.ast.ASTCommentTag
[ERROR] \Users\jsnajberk\Documents\GitHub\pmd\pmd\target\generated-sources\javacc\net\sourceforge\pmd\lang\jsp\ast\JspParser.java:[982,33] cannot find symbol
symbol  : constructor ASTDeclaration(net.sourceforge.pmd.lang.jsp.ast.JspParser,int)
location: class net.sourceforge.pmd.lang.jsp.ast.ASTDeclaration
[ERROR] \Users\jsnajberk\Documents\GitHub\pmd\pmd\target\generated-sources\javacc\net\sourceforge\pmd\lang\jsp\ast\JspParser.java:[1025,40] cannot find symbol
symbol  : constructor ASTDoctypeDeclaration(net.sourceforge.pmd.lang.jsp.ast.JspParser,int)
location: class net.sourceforge.pmd.lang.jsp.ast.ASTDoctypeDeclaration
[ERROR] \Users\jsnajberk\Documents\GitHub\pmd\pmd\target\generated-sources\javacc\net\sourceforge\pmd\lang\jsp\ast\JspParser.java:[1082,39] cannot find symbol
symbol  : constructor ASTDoctypeExternalId(net.sourceforge.pmd.lang.jsp.ast.JspParser,int)
location: class net.sourceforge.pmd.lang.jsp.ast.ASTDoctypeExternalId
[ERROR] \Users\jsnajberk\Documents\GitHub\pmd\pmd\target\generated-sources\javacc\net\sourceforge\pmd\lang\jsp\ast\JspParser.java:[1121,32] cannot find symbol
symbol  : constructor ASTHtmlScript(net.sourceforge.pmd.lang.jsp.ast.JspParser,int)
location: class net.sourceforge.pmd.lang.jsp.ast.ASTHtmlScript
[ERROR] \Users\jsnajberk\Documents\GitHub\pmd\pmd\target\generated-sources\javacc\net\sourceforge\pmd\lang\java\ast\JavaParser.java:[132,31] cannot access JavaParser
class file for JavaParser not found
  ASTCompilationUnit jjtn000 = new ASTCompilationUnit(this, JJTCOMPILATIONUNIT);
[ERROR] \Users\jsnajberk\Documents\GitHub\pmd\pmd\target\generated-sources\javacc\net\sourceforge\pmd\lang\java\ast\JavaParser.java:[225,34] cannot find symbol
symbol  : constructor ASTPackageDeclaration(net.sourceforge.pmd.lang.java.ast.JavaParser,int)
location: class net.sourceforge.pmd.lang.java.ast.ASTPackageDeclaration
[ERROR] \Users\jsnajberk\Documents\GitHub\pmd\pmd\target\generated-sources\javacc\net\sourceforge\pmd\lang\java\ast\JavaParser.java:[267,33] cannot find symbol
symbol  : constructor ASTImportDeclaration(net.sourceforge.pmd.lang.java.ast.JavaParser,int)
location: class net.sourceforge.pmd.lang.java.ast.ASTImportDeclaration
[ERROR] \Users\jsnajberk\Documents\GitHub\pmd\pmd\target\generated-sources\javacc\net\sourceforge\pmd\lang\java\ast\JavaParser.java:[391,32] cannot find symbol
symbol  : constructor ASTTypeDeclaration(net.sourceforge.pmd.lang.java.ast.JavaParser,int)
location: class net.sourceforge.pmd.lang.java.ast.ASTTypeDeclaration
[ERROR] \Users\jsnajberk\Documents\GitHub\pmd\pmd\target\generated-sources\javacc\net\sourceforge\pmd\lang\java\ast\JavaParser.java:[462,41] cannot find symbol
symbol  : constructor ASTClassOrInterfaceDeclaration(net.sourceforge.pmd.lang.java.ast.JavaParser,int)
location: class net.sourceforge.pmd.lang.java.ast.ASTClassOrInterfaceDeclaration
[ERROR] \Users\jsnajberk\Documents\GitHub\pmd\pmd\target\generated-sources\javacc\net\sourceforge\pmd\lang\java\ast\JavaParser.java:[552,28] cannot find symbol
symbol  : constructor ASTExtendsList(net.sourceforge.pmd.lang.java.ast.JavaParser,int)
location: class net.sourceforge.pmd.lang.java.ast.ASTExtendsList
[ERROR] \Users\jsnajberk\Documents\GitHub\pmd\pmd\target\generated-sources\javacc\net\sourceforge\pmd\lang\java\ast\JavaParser.java:[595,30] cannot find symbol
symbol  : constructor ASTImplementsList(net.sourceforge.pmd.lang.java.ast.JavaParser,int)
location: class net.sourceforge.pmd.lang.java.ast.ASTImplementsList
[ERROR] \Users\jsnajberk\Documents\GitHub\pmd\pmd\target\generated-sources\javacc\net\sourceforge\pmd\lang\java\ast\JavaParser.java:[637,29] cannot find symbol
symbol  : constructor ASTEnumDeclaration(net.sourceforge.pmd.lang.java.ast.JavaParser,int)
location: class net.sourceforge.pmd.lang.java.ast.ASTEnumDeclaration
[ERROR] \Users\jsnajberk\Documents\GitHub\pmd\pmd\target\generated-sources\javacc\net\sourceforge\pmd\lang\java\ast\JavaParser.java:[684,24] cannot find symbol
symbol  : constructor ASTEnumBody(net.sourceforge.pmd.lang.java.ast.JavaParser,int)
location: class net.sourceforge.pmd.lang.java.ast.ASTEnumBody
[ERROR] \Users\jsnajberk\Documents\GitHub\pmd\pmd\target\generated-sources\javacc\net\sourceforge\pmd\lang\java\ast\JavaParser.java:[810,27] cannot find symbol
symbol  : constructor ASTEnumConstant(net.sourceforge.pmd.lang.java.ast.JavaParser,int)
location: class net.sourceforge.pmd.lang.java.ast.ASTEnumConstant
[ERROR] \Users\jsnajberk\Documents\GitHub\pmd\pmd\target\generated-sources\javacc\net\sourceforge\pmd\lang\java\ast\JavaParser.java:[855,30] cannot find symbol
symbol  : constructor ASTTypeParameters(net.sourceforge.pmd.lang.java.ast.JavaParser,int)
location: class net.sourceforge.pmd.lang.java.ast.ASTTypeParameters
[ERROR] \Users\jsnajberk\Documents\GitHub\pmd\pmd\target\generated-sources\javacc\net\sourceforge\pmd\lang\java\ast\JavaParser.java:[899,28] cannot find symbol
symbol  : constructor ASTTypeParameter(net.sourceforge.pmd.lang.java.ast.JavaParser,int)
location: class net.sourceforge.pmd.lang.java.ast.ASTTypeParameter
[ERROR] \Users\jsnajberk\Documents\GitHub\pmd\pmd\target\generated-sources\javacc\net\sourceforge\pmd\lang\java\ast\JavaParser.java:[936,25] cannot find symbol
symbol  : constructor ASTTypeBound(net.sourceforge.pmd.lang.java.ast.JavaParser,int)
location: class net.sourceforge.pmd.lang.java.ast.ASTTypeBound
[ERROR] \Users\jsnajberk\Documents\GitHub\pmd\pmd\target\generated-sources\javacc\net\sourceforge\pmd\lang\java\ast\JavaParser.java:[978,36] cannot find symbol
symbol  : constructor ASTClassOrInterfaceBody(net.sourceforge.pmd.lang.java.ast.JavaParser,int)
location: class net.sourceforge.pmd.lang.java.ast.ASTClassOrInterfaceBody
[ERROR] \Users\jsnajberk\Documents\GitHub\pmd\pmd\target\generated-sources\javacc\net\sourceforge\pmd\lang\java\ast\JavaParser.java:[1045,48] cannot find symbol
symbol  : constructor ASTClassOrInterfaceBodyDeclaration(net.sourceforge.pmd.lang.java.ast.JavaParser,int)
location: class net.sourceforge.pmd.lang.java.ast.ASTClassOrInterfaceBodyDeclaration
[ERROR] \Users\jsnajberk\Documents\GitHub\pmd\pmd\target\generated-sources\javacc\net\sourceforge\pmd\lang\java\ast\JavaParser.java:[1144,31] cannot find symbol
symbol  : constructor ASTFieldDeclaration(net.sourceforge.pmd.lang.java.ast.JavaParser,int)
location: class net.sourceforge.pmd.lang.java.ast.ASTFieldDeclaration
[ERROR] \Users\jsnajberk\Documents\GitHub\pmd\pmd\target\generated-sources\javacc\net\sourceforge\pmd\lang\java\ast\JavaParser.java:[1187,34] cannot find symbol
symbol  : constructor ASTVariableDeclarator(net.sourceforge.pmd.lang.java.ast.JavaParser,int)
location: class net.sourceforge.pmd.lang.java.ast.ASTVariableDeclarator
[ERROR] \Users\jsnajberk\Documents\GitHub\pmd\pmd\target\generated-sources\javacc\net\sourceforge\pmd\lang\java\ast\JavaParser.java:[1224,35] cannot find symbol
symbol  : constructor ASTVariableDeclaratorId(net.sourceforge.pmd.lang.java.ast.JavaParser,int)
location: class net.sourceforge.pmd.lang.java.ast.ASTVariableDeclaratorId
[ERROR] \Users\jsnajberk\Documents\GitHub\pmd\pmd\target\generated-sources\javacc\net\sourceforge\pmd\lang\java\ast\JavaParser.java:[1257,35] cannot find symbol
symbol  : constructor ASTVariableInitializer(net.sourceforge.pmd.lang.java.ast.JavaParser,int)
location: class net.sourceforge.pmd.lang.java.ast.ASTVariableInitializer
[ERROR] \Users\jsnajberk\Documents\GitHub\pmd\pmd\target\generated-sources\javacc\net\sourceforge\pmd\lang\java\ast\JavaParser.java:[1323,32] cannot find symbol
symbol  : constructor ASTArrayInitializer(net.sourceforge.pmd.lang.java.ast.JavaParser,int)
location: class net.sourceforge.pmd.lang.java.ast.ASTArrayInitializer
[ERROR] \Users\jsnajberk\Documents\GitHub\pmd\pmd\target\generated-sources\javacc\net\sourceforge\pmd\lang\java\ast\JavaParser.java:[1406,32] cannot find symbol
symbol  : constructor ASTMethodDeclaration(net.sourceforge.pmd.lang.java.ast.JavaParser,int)
location: class net.sourceforge.pmd.lang.java.ast.ASTMethodDeclaration
[ERROR] \Users\jsnajberk\Documents\GitHub\pmd\pmd\target\generated-sources\javacc\net\sourceforge\pmd\lang\java\ast\JavaParser.java:[1464,31] cannot find symbol
symbol  : constructor ASTMethodDeclarator(net.sourceforge.pmd.lang.java.ast.JavaParser,int)
location: class net.sourceforge.pmd.lang.java.ast.ASTMethodDeclarator
[ERROR] \Users\jsnajberk\Documents\GitHub\pmd\pmd\target\generated-sources\javacc\net\sourceforge\pmd\lang\java\ast\JavaParser.java:[1509,32] cannot find symbol
symbol  : constructor ASTFormalParameters(net.sourceforge.pmd.lang.java.ast.JavaParser,int)
location: class net.sourceforge.pmd.lang.java.ast.ASTFormalParameters
[ERROR] \Users\jsnajberk\Documents\GitHub\pmd\pmd\target\generated-sources\javacc\net\sourceforge\pmd\lang\java\ast\JavaParser.java:[1569,31] cannot find symbol
symbol  : constructor ASTFormalParameter(net.sourceforge.pmd.lang.java.ast.JavaParser,int)
location: class net.sourceforge.pmd.lang.java.ast.ASTFormalParameter
[ERROR] \Users\jsnajberk\Documents\GitHub\pmd\pmd\target\generated-sources\javacc\net\sourceforge\pmd\lang\java\ast\JavaParser.java:[1647,37] cannot find symbol
symbol  : constructor ASTConstructorDeclaration(net.sourceforge.pmd.lang.java.ast.JavaParser,int)
location: class net.sourceforge.pmd.lang.java.ast.ASTConstructorDeclaration
[ERROR] \Users\jsnajberk\Documents\GitHub\pmd\pmd\target\generated-sources\javacc\net\sourceforge\pmd\lang\java\ast\JavaParser.java:[1713,45] cannot find symbol
symbol  : constructor ASTExplicitConstructorInvocation(net.sourceforge.pmd.lang.java.ast.JavaParser,int)
location: class net.sourceforge.pmd.lang.java.ast.ASTExplicitConstructorInvocation
[ERROR] \Users\jsnajberk\Documents\GitHub\pmd\pmd\target\generated-sources\javacc\net\sourceforge\pmd\lang\java\ast\JavaParser.java:[1801,27] cannot find symbol
symbol  : constructor ASTInitializer(net.sourceforge.pmd.lang.java.ast.JavaParser,int)
location: class net.sourceforge.pmd.lang.java.ast.ASTInitializer
[ERROR] \Users\jsnajberk\Documents\GitHub\pmd\pmd\target\generated-sources\javacc\net\sourceforge\pmd\lang\java\ast\JavaParser.java:[1841,20] cannot find symbol
symbol  : constructor ASTType(net.sourceforge.pmd.lang.java.ast.JavaParser,int)
location: class net.sourceforge.pmd.lang.java.ast.ASTType
[ERROR] \Users\jsnajberk\Documents\GitHub\pmd\pmd\target\generated-sources\javacc\net\sourceforge\pmd\lang\java\ast\JavaParser.java:[1888,29] cannot find symbol
symbol  : constructor ASTReferenceType(net.sourceforge.pmd.lang.java.ast.JavaParser,int)
location: class net.sourceforge.pmd.lang.java.ast.ASTReferenceType
[ERROR] \Users\jsnajberk\Documents\GitHub\pmd\pmd\target\generated-sources\javacc\net\sourceforge\pmd\lang\java\ast\JavaParser.java:[1956,36] cannot find symbol
symbol  : constructor ASTClassOrInterfaceType(net.sourceforge.pmd.lang.java.ast.JavaParser,int)
location: class net.sourceforge.pmd.lang.java.ast.ASTClassOrInterfaceType
[ERROR] \Users\jsnajberk\Documents\GitHub\pmd\pmd\target\generated-sources\javacc\net\sourceforge\pmd\lang\java\ast\JavaParser.java:[2010,29] cannot find symbol
symbol  : constructor ASTTypeArguments(net.sourceforge.pmd.lang.java.ast.JavaParser,int)
location: class net.sourceforge.pmd.lang.java.ast.ASTTypeArguments
[ERROR] \Users\jsnajberk\Documents\GitHub\pmd\pmd\target\generated-sources\javacc\net\sourceforge\pmd\lang\java\ast\JavaParser.java:[2068,28] cannot find symbol
symbol  : constructor ASTTypeArgument(net.sourceforge.pmd.lang.java.ast.JavaParser,int)
location: class net.sourceforge.pmd.lang.java.ast.ASTTypeArgument
[ERROR] \Users\jsnajberk\Documents\GitHub\pmd\pmd\target\generated-sources\javacc\net\sourceforge\pmd\lang\java\ast\JavaParser.java:[2124,30] cannot find symbol
symbol  : constructor ASTWildcardBounds(net.sourceforge.pmd.lang.java.ast.JavaParser,int)
location: class net.sourceforge.pmd.lang.java.ast.ASTWildcardBounds
[ERROR] \Users\jsnajberk\Documents\GitHub\pmd\pmd\target\generated-sources\javacc\net\sourceforge\pmd\lang\java\ast\JavaParser.java:[2165,29] cannot find symbol
symbol  : constructor ASTPrimitiveType(net.sourceforge.pmd.lang.java.ast.JavaParser,int)
location: class net.sourceforge.pmd.lang.java.ast.ASTPrimitiveType
[ERROR] \Users\jsnajberk\Documents\GitHub\pmd\pmd\target\generated-sources\javacc\net\sourceforge\pmd\lang\java\ast\JavaParser.java:[2232,26] cannot find symbol
symbol  : constructor ASTResultType(net.sourceforge.pmd.lang.java.ast.JavaParser,int)
location: class net.sourceforge.pmd.lang.java.ast.ASTResultType
[ERROR] \Users\jsnajberk\Documents\GitHub\pmd\pmd\target\generated-sources\javacc\net\sourceforge\pmd\lang\java\ast\JavaParser.java:[2279,20] cannot find symbol
symbol  : constructor ASTName(net.sourceforge.pmd.lang.java.ast.JavaParser,int)
location: class net.sourceforge.pmd.lang.java.ast.ASTName
[ERROR] \Users\jsnajberk\Documents\GitHub\pmd\pmd\target\generated-sources\javacc\net\sourceforge\pmd\lang\java\ast\JavaParser.java:[2311,24] cannot find symbol
symbol  : constructor ASTNameList(net.sourceforge.pmd.lang.java.ast.JavaParser,int)
location: class net.sourceforge.pmd.lang.java.ast.ASTNameList
[ERROR] \Users\jsnajberk\Documents\GitHub\pmd\pmd\target\generated-sources\javacc\net\sourceforge\pmd\lang\java\ast\JavaParser.java:[2355,26] cannot find symbol
symbol  : constructor ASTExpression(net.sourceforge.pmd.lang.java.ast.JavaParser,int)
location: class net.sourceforge.pmd.lang.java.ast.ASTExpression
[ERROR] \Users\jsnajberk\Documents\GitHub\pmd\pmd\target\generated-sources\javacc\net\sourceforge\pmd\lang\java\ast\JavaParser.java:[2403,34] cannot find symbol
symbol  : constructor ASTAssignmentOperator(net.sourceforge.pmd.lang.java.ast.JavaParser,int)
location: class net.sourceforge.pmd.lang.java.ast.ASTAssignmentOperator
[ERROR] \Users\jsnajberk\Documents\GitHub\pmd\pmd\target\generated-sources\javacc\net\sourceforge\pmd\lang\java\ast\JavaParser.java:[2494,37] cannot find symbol
symbol  : constructor ASTConditionalExpression(net.sourceforge.pmd.lang.java.ast.JavaParser,int)
location: class net.sourceforge.pmd.lang.java.ast.ASTConditionalExpression
[ERROR] \Users\jsnajberk\Documents\GitHub\pmd\pmd\target\generated-sources\javacc\net\sourceforge\pmd\lang\java\ast\JavaParser.java:[2534,39] cannot find symbol
symbol  : constructor ASTConditionalOrExpression(net.sourceforge.pmd.lang.java.ast.JavaParser,int)
location: class net.sourceforge.pmd.lang.java.ast.ASTConditionalOrExpression
[ERROR] \Users\jsnajberk\Documents\GitHub\pmd\pmd\target\generated-sources\javacc\net\sourceforge\pmd\lang\java\ast\JavaParser.java:[2575,40] cannot find symbol
symbol  : constructor ASTConditionalAndExpression(net.sourceforge.pmd.lang.java.ast.JavaParser,int)
location: class net.sourceforge.pmd.lang.java.ast.ASTConditionalAndExpression
[ERROR] \Users\jsnajberk\Documents\GitHub\pmd\pmd\target\generated-sources\javacc\net\sourceforge\pmd\lang\java\ast\JavaParser.java:[2616,37] cannot find symbol
symbol  : constructor ASTInclusiveOrExpression(net.sourceforge.pmd.lang.java.ast.JavaParser,int)
location: class net.sourceforge.pmd.lang.java.ast.ASTInclusiveOrExpression
[ERROR] \Users\jsnajberk\Documents\GitHub\pmd\pmd\target\generated-sources\javacc\net\sourceforge\pmd\lang\java\ast\JavaParser.java:[2657,37] cannot find symbol
symbol  : constructor ASTExclusiveOrExpression(net.sourceforge.pmd.lang.java.ast.JavaParser,int)
location: class net.sourceforge.pmd.lang.java.ast.ASTExclusiveOrExpression
[ERROR] \Users\jsnajberk\Documents\GitHub\pmd\pmd\target\generated-sources\javacc\net\sourceforge\pmd\lang\java\ast\JavaParser.java:[2698,29] cannot find symbol
symbol  : constructor ASTAndExpression(net.sourceforge.pmd.lang.java.ast.JavaParser,int)
location: class net.sourceforge.pmd.lang.java.ast.ASTAndExpression
[ERROR] \Users\jsnajberk\Documents\GitHub\pmd\pmd\target\generated-sources\javacc\net\sourceforge\pmd\lang\java\ast\JavaParser.java:[2739,34] cannot find symbol
symbol  : constructor ASTEqualityExpression(net.sourceforge.pmd.lang.java.ast.JavaParser,int)
location: class net.sourceforge.pmd.lang.java.ast.ASTEqualityExpression
[ERROR] \Users\jsnajberk\Documents\GitHub\pmd\pmd\target\generated-sources\javacc\net\sourceforge\pmd\lang\java\ast\JavaParser.java:[2794,36] cannot find symbol
symbol  : constructor ASTInstanceOfExpression(net.sourceforge.pmd.lang.java.ast.JavaParser,int)
location: class net.sourceforge.pmd.lang.java.ast.ASTInstanceOfExpression
[ERROR] \Users\jsnajberk\Documents\GitHub\pmd\pmd\target\generated-sources\javacc\net\sourceforge\pmd\lang\java\ast\JavaParser.java:[2831,36] cannot find symbol
symbol  : constructor ASTRelationalExpression(net.sourceforge.pmd.lang.java.ast.JavaParser,int)
location: class net.sourceforge.pmd.lang.java.ast.ASTRelationalExpression
[ERROR] \Users\jsnajberk\Documents\GitHub\pmd\pmd\target\generated-sources\javacc\net\sourceforge\pmd\lang\java\ast\JavaParser.java:[2896,31] cannot find symbol
symbol  : constructor ASTShiftExpression(net.sourceforge.pmd.lang.java.ast.JavaParser,int)
location: class net.sourceforge.pmd.lang.java.ast.ASTShiftExpression
[ERROR] \Users\jsnajberk\Documents\GitHub\pmd\pmd\target\generated-sources\javacc\net\sourceforge\pmd\lang\java\ast\JavaParser.java:[2949,34] cannot find symbol
symbol  : constructor ASTAdditiveExpression(net.sourceforge.pmd.lang.java.ast.JavaParser,int)
location: class net.sourceforge.pmd.lang.java.ast.ASTAdditiveExpression
[ERROR] \Users\jsnajberk\Documents\GitHub\pmd\pmd\target\generated-sources\javacc\net\sourceforge\pmd\lang\java\ast\JavaParser.java:[3004,40] cannot find symbol
symbol  : constructor ASTMultiplicativeExpression(net.sourceforge.pmd.lang.java.ast.JavaParser,int)
location: class net.sourceforge.pmd.lang.java.ast.ASTMultiplicativeExpression
[ERROR] \Users\jsnajberk\Documents\GitHub\pmd\pmd\target\generated-sources\javacc\net\sourceforge\pmd\lang\java\ast\JavaParser.java:[3064,31] cannot find symbol
symbol  : constructor ASTUnaryExpression(net.sourceforge.pmd.lang.java.ast.JavaParser,int)
location: class net.sourceforge.pmd.lang.java.ast.ASTUnaryExpression
[ERROR] \Users\jsnajberk\Documents\GitHub\pmd\pmd\target\generated-sources\javacc\net\sourceforge\pmd\lang\java\ast\JavaParser.java:[3147,38] cannot find symbol
symbol  : constructor ASTPreIncrementExpression(net.sourceforge.pmd.lang.java.ast.JavaParser,int)
location: class net.sourceforge.pmd.lang.java.ast.ASTPreIncrementExpression
[ERROR] \Users\jsnajberk\Documents\GitHub\pmd\pmd\target\generated-sources\javacc\net\sourceforge\pmd\lang\java\ast\JavaParser.java:[3176,38] cannot find symbol
symbol  : constructor ASTPreDecrementExpression(net.sourceforge.pmd.lang.java.ast.JavaParser,int)
location: class net.sourceforge.pmd.lang.java.ast.ASTPreDecrementExpression
[ERROR] \Users\jsnajberk\Documents\GitHub\pmd\pmd\target\generated-sources\javacc\net\sourceforge\pmd\lang\java\ast\JavaParser.java:[3205,43] cannot find symbol
symbol  : constructor ASTUnaryExpressionNotPlusMinus(net.sourceforge.pmd.lang.java.ast.JavaParser,int)
location: class net.sourceforge.pmd.lang.java.ast.ASTUnaryExpressionNotPlusMinus
[ERROR] \Users\jsnajberk\Documents\GitHub\pmd\pmd\target\generated-sources\javacc\net\sourceforge\pmd\lang\java\ast\JavaParser.java:[3353,33] cannot find symbol
symbol  : constructor ASTPostfixExpression(net.sourceforge.pmd.lang.java.ast.JavaParser,int)
location: class net.sourceforge.pmd.lang.java.ast.ASTPostfixExpression
[ERROR] \Users\jsnajberk\Documents\GitHub\pmd\pmd\target\generated-sources\javacc\net\sourceforge\pmd\lang\java\ast\JavaParser.java:[3403,30] cannot find symbol
symbol  : constructor ASTCastExpression(net.sourceforge.pmd.lang.java.ast.JavaParser,int)
location: class net.sourceforge.pmd.lang.java.ast.ASTCastExpression
[ERROR] \Users\jsnajberk\Documents\GitHub\pmd\pmd\target\generated-sources\javacc\net\sourceforge\pmd\lang\java\ast\JavaParser.java:[3449,33] cannot find symbol
symbol  : constructor ASTPrimaryExpression(net.sourceforge.pmd.lang.java.ast.JavaParser,int)
location: class net.sourceforge.pmd.lang.java.ast.ASTPrimaryExpression
[ERROR] \Users\jsnajberk\Documents\GitHub\pmd\pmd\target\generated-sources\javacc\net\sourceforge\pmd\lang\java\ast\JavaParser.java:[3486,28] cannot find symbol
symbol  : constructor ASTMemberSelector(net.sourceforge.pmd.lang.java.ast.JavaParser,int)
location: class net.sourceforge.pmd.lang.java.ast.ASTMemberSelector
[ERROR] \Users\jsnajberk\Documents\GitHub\pmd\pmd\target\generated-sources\javacc\net\sourceforge\pmd\lang\java\ast\JavaParser.java:[3519,28] cannot find symbol
symbol  : constructor ASTPrimaryPrefix(net.sourceforge.pmd.lang.java.ast.JavaParser,int)
location: class net.sourceforge.pmd.lang.java.ast.ASTPrimaryPrefix
[ERROR] \Users\jsnajberk\Documents\GitHub\pmd\pmd\target\generated-sources\javacc\net\sourceforge\pmd\lang\java\ast\JavaParser.java:[3595,28] cannot find symbol
symbol  : constructor ASTPrimarySuffix(net.sourceforge.pmd.lang.java.ast.JavaParser,int)
location: class net.sourceforge.pmd.lang.java.ast.ASTPrimarySuffix
[ERROR] \Users\jsnajberk\Documents\GitHub\pmd\pmd\target\generated-sources\javacc\net\sourceforge\pmd\lang\java\ast\JavaParser.java:[3659,23] cannot find symbol
symbol  : constructor ASTLiteral(net.sourceforge.pmd.lang.java.ast.JavaParser,int)
location: class net.sourceforge.pmd.lang.java.ast.ASTLiteral
[ERROR] \Users\jsnajberk\Documents\GitHub\pmd\pmd\target\generated-sources\javacc\net\sourceforge\pmd\lang\java\ast\JavaParser.java:[3730,30] cannot find symbol
symbol  : constructor ASTBooleanLiteral(net.sourceforge.pmd.lang.java.ast.JavaParser,int)
location: class net.sourceforge.pmd.lang.java.ast.ASTBooleanLiteral
[ERROR] \Users\jsnajberk\Documents\GitHub\pmd\pmd\target\generated-sources\javacc\net\sourceforge\pmd\lang\java\ast\JavaParser.java:[3758,27] cannot find symbol
symbol  : constructor ASTNullLiteral(net.sourceforge.pmd.lang.java.ast.JavaParser,int)
location: class net.sourceforge.pmd.lang.java.ast.ASTNullLiteral
[ERROR] \Users\jsnajberk\Documents\GitHub\pmd\pmd\target\generated-sources\javacc\net\sourceforge\pmd\lang\java\ast\JavaParser.java:[3772,25] cannot find symbol
symbol  : constructor ASTArguments(net.sourceforge.pmd.lang.java.ast.JavaParser,int)
location: class net.sourceforge.pmd.lang.java.ast.ASTArguments
[ERROR] \Users\jsnajberk\Documents\GitHub\pmd\pmd\target\generated-sources\javacc\net\sourceforge\pmd\lang\java\ast\JavaParser.java:[3836,28] cannot find symbol
symbol  : constructor ASTArgumentList(net.sourceforge.pmd.lang.java.ast.JavaParser,int)
location: class net.sourceforge.pmd.lang.java.ast.ASTArgumentList
[ERROR] \Users\jsnajberk\Documents\GitHub\pmd\pmd\target\generated-sources\javacc\net\sourceforge\pmd\lang\java\ast\JavaParser.java:[3877,36] cannot find symbol
symbol  : constructor ASTAllocationExpression(net.sourceforge.pmd.lang.java.ast.JavaParser,int)
location: class net.sourceforge.pmd.lang.java.ast.ASTAllocationExpression
[ERROR] \Users\jsnajberk\Documents\GitHub\pmd\pmd\target\generated-sources\javacc\net\sourceforge\pmd\lang\java\ast\JavaParser.java:[3952,33] cannot find symbol
symbol  : constructor ASTArrayDimsAndInits(net.sourceforge.pmd.lang.java.ast.JavaParser,int)
location: class net.sourceforge.pmd.lang.java.ast.ASTArrayDimsAndInits
[ERROR] \Users\jsnajberk\Documents\GitHub\pmd\pmd\target\generated-sources\javacc\net\sourceforge\pmd\lang\java\ast\JavaParser.java:[4028,25] cannot find symbol
symbol  : constructor ASTStatement(net.sourceforge.pmd.lang.java.ast.JavaParser,int)
location: class net.sourceforge.pmd.lang.java.ast.ASTStatement
[ERROR] \Users\jsnajberk\Documents\GitHub\pmd\pmd\target\generated-sources\javacc\net\sourceforge\pmd\lang\java\ast\JavaParser.java:[4133,31] cannot find symbol
symbol  : constructor ASTLabeledStatement(net.sourceforge.pmd.lang.java.ast.JavaParser,int)
location: class net.sourceforge.pmd.lang.java.ast.ASTLabeledStatement
[ERROR] \Users\jsnajberk\Documents\GitHub\pmd\pmd\target\generated-sources\javacc\net\sourceforge\pmd\lang\java\ast\JavaParser.java:[4164,20] cannot find symbol
symbol  : constructor ASTBlock(net.sourceforge.pmd.lang.java.ast.JavaParser,int)
location: class net.sourceforge.pmd.lang.java.ast.ASTBlock
[ERROR] \Users\jsnajberk\Documents\GitHub\pmd\pmd\target\generated-sources\javacc\net\sourceforge\pmd\lang\java\ast\JavaParser.java:[4205,30] cannot find symbol
symbol  : constructor ASTBlockStatement(net.sourceforge.pmd.lang.java.ast.JavaParser,int)
location: class net.sourceforge.pmd.lang.java.ast.ASTBlockStatement
[ERROR] \Users\jsnajberk\Documents\GitHub\pmd\pmd\target\generated-sources\javacc\net\sourceforge\pmd\lang\java\ast\JavaParser.java:[4253,40] cannot find symbol
symbol  : constructor ASTLocalVariableDeclaration(net.sourceforge.pmd.lang.java.ast.JavaParser,int)
location: class net.sourceforge.pmd.lang.java.ast.ASTLocalVariableDeclaration
[ERROR] \Users\jsnajberk\Documents\GitHub\pmd\pmd\target\generated-sources\javacc\net\sourceforge\pmd\lang\java\ast\JavaParser.java:[4320,30] cannot find symbol
symbol  : constructor ASTEmptyStatement(net.sourceforge.pmd.lang.java.ast.JavaParser,int)
location: class net.sourceforge.pmd.lang.java.ast.ASTEmptyStatement
[INFO] 100 errors 
[INFO] -------------------------------------------------------------
[INFO] ------------------------------------------------------------------------
[ERROR] BUILD FAILURE
[INFO] ------------------------------------------------------------------------
[INFO] Compilation failure

\Users\jsnajberk\Documents\GitHub\pmd\pmd\target\generated-sources\javacc\net\sourceforge\pmd\lang\jsp\ast\JspParser.java:[48,31] cannot access JspParser
class file for JspParser not found
  ASTCompilationUnit jjtn000 = new ASTCompilationUnit(this, JJTCOMPILATIONUNIT);
\Users\jsnajberk\Documents\GitHub\pmd\pmd\target\generated-sources\javacc\net\sourceforge\pmd\lang\jsp\ast\JspParser.java:[149,23] cannot find symbol
symbol  : constructor ASTContent(net.sourceforge.pmd.lang.jsp.ast.JspParser,int)
location: class net.sourceforge.pmd.lang.jsp.ast.ASTContent
\Users\jsnajberk\Documents\GitHub\pmd\pmd\target\generated-sources\javacc\net\sourceforge\pmd\lang\jsp\ast\JspParser.java:[258,34] cannot find symbol
symbol  : constructor ASTJspDirective(net.sourceforge.pmd.lang.jsp.ast.JspParser,int)
location: class net.sourceforge.pmd.lang.jsp.ast.ASTJspDirective
\Users\jsnajberk\Documents\GitHub\pmd\pmd\target\generated-sources\javacc\net\sourceforge\pmd\lang\jsp\ast\JspParser.java:[301,43] cannot find symbol
symbol  : constructor ASTJspDirectiveAttribute(net.sourceforge.pmd.lang.jsp.ast.JspParser,int)
location: class net.sourceforge.pmd.lang.jsp.ast.ASTJspDirectiveAttribute
\Users\jsnajberk\Documents\GitHub\pmd\pmd\target\generated-sources\javacc\net\sourceforge\pmd\lang\jsp\ast\JspParser.java:[321,34] cannot find symbol
symbol  : constructor ASTJspScriptlet(net.sourceforge.pmd.lang.jsp.ast.JspParser,int)
location: class net.sourceforge.pmd.lang.jsp.ast.ASTJspScriptlet
\Users\jsnajberk\Documents\GitHub\pmd\pmd\target\generated-sources\javacc\net\sourceforge\pmd\lang\jsp\ast\JspParser.java:[338,35] cannot find symbol
symbol  : constructor ASTJspExpression(net.sourceforge.pmd.lang.jsp.ast.JspParser,int)
location: class net.sourceforge.pmd.lang.jsp.ast.ASTJspExpression
\Users\jsnajberk\Documents\GitHub\pmd\pmd\target\generated-sources\javacc\net\sourceforge\pmd\lang\jsp\ast\JspParser.java:[355,36] cannot find symbol
symbol  : constructor ASTJspDeclaration(net.sourceforge.pmd.lang.jsp.ast.JspParser,int)
location: class net.sourceforge.pmd.lang.jsp.ast.ASTJspDeclaration
\Users\jsnajberk\Documents\GitHub\pmd\pmd\target\generated-sources\javacc\net\sourceforge\pmd\lang\jsp\ast\JspParser.java:[372,32] cannot find symbol
symbol  : constructor ASTJspComment(net.sourceforge.pmd.lang.jsp.ast.JspParser,int)
location: class net.sourceforge.pmd.lang.jsp.ast.ASTJspComment
\Users\jsnajberk\Documents\GitHub\pmd\pmd\target\generated-sources\javacc\net\sourceforge\pmd\lang\jsp\ast\JspParser.java:[394,26] cannot find symbol
symbol  : constructor ASTText(net.sourceforge.pmd.lang.jsp.ast.JspParser,int)
location: class net.sourceforge.pmd.lang.jsp.ast.ASTText
\Users\jsnajberk\Documents\GitHub\pmd\pmd\target\generated-sources\javacc\net\sourceforge\pmd\lang\jsp\ast\JspParser.java:[451,28] cannot find symbol
symbol  : constructor ASTUnparsedText(net.sourceforge.pmd.lang.jsp.ast.JspParser,int)
location: class net.sourceforge.pmd.lang.jsp.ast.ASTUnparsedText
\Users\jsnajberk\Documents\GitHub\pmd\pmd\target\generated-sources\javacc\net\sourceforge\pmd\lang\jsp\ast\JspParser.java:[470,28] cannot find symbol
symbol  : constructor ASTUnparsedText(net.sourceforge.pmd.lang.jsp.ast.JspParser,int)
location: class net.sourceforge.pmd.lang.jsp.ast.ASTUnparsedText
\Users\jsnajberk\Documents\GitHub\pmd\pmd\target\generated-sources\javacc\net\sourceforge\pmd\lang\jsp\ast\JspParser.java:[493,28] cannot find symbol
symbol  : constructor ASTUnparsedText(net.sourceforge.pmd.lang.jsp.ast.JspParser,int)
location: class net.sourceforge.pmd.lang.jsp.ast.ASTUnparsedText
\Users\jsnajberk\Documents\GitHub\pmd\pmd\target\generated-sources\javacc\net\sourceforge\pmd\lang\jsp\ast\JspParser.java:[516,28] cannot find symbol
symbol  : constructor ASTUnparsedText(net.sourceforge.pmd.lang.jsp.ast.JspParser,int)
location: class net.sourceforge.pmd.lang.jsp.ast.ASTUnparsedText
\Users\jsnajberk\Documents\GitHub\pmd\pmd\target\generated-sources\javacc\net\sourceforge\pmd\lang\jsp\ast\JspParser.java:[538,34] cannot find symbol
symbol  : constructor ASTElExpression(net.sourceforge.pmd.lang.jsp.ast.JspParser,int)
location: class net.sourceforge.pmd.lang.jsp.ast.ASTElExpression
\Users\jsnajberk\Documents\GitHub\pmd\pmd\target\generated-sources\javacc\net\sourceforge\pmd\lang\jsp\ast\JspParser.java:[557,34] cannot find symbol
symbol  : constructor ASTValueBinding(net.sourceforge.pmd.lang.jsp.ast.JspParser,int)
location: class net.sourceforge.pmd.lang.jsp.ast.ASTValueBinding
\Users\jsnajberk\Documents\GitHub\pmd\pmd\target\generated-sources\javacc\net\sourceforge\pmd\lang\jsp\ast\JspParser.java:[576,34] cannot find symbol
symbol  : constructor ASTElExpression(net.sourceforge.pmd.lang.jsp.ast.JspParser,int)
location: class net.sourceforge.pmd.lang.jsp.ast.ASTElExpression
\Users\jsnajberk\Documents\GitHub\pmd\pmd\target\generated-sources\javacc\net\sourceforge\pmd\lang\jsp\ast\JspParser.java:[595,27] cannot find symbol
symbol  : constructor ASTCData(net.sourceforge.pmd.lang.jsp.ast.JspParser,int)
location: class net.sourceforge.pmd.lang.jsp.ast.ASTCData
\Users\jsnajberk\Documents\GitHub\pmd\pmd\target\generated-sources\javacc\net\sourceforge\pmd\lang\jsp\ast\JspParser.java:[631,29] cannot find symbol
symbol  : constructor ASTElement(net.sourceforge.pmd.lang.jsp.ast.JspParser,int)
location: class net.sourceforge.pmd.lang.jsp.ast.ASTElement
\Users\jsnajberk\Documents\GitHub\pmd\pmd\target\generated-sources\javacc\net\sourceforge\pmd\lang\jsp\ast\JspParser.java:[706,31] cannot find symbol
symbol  : constructor ASTAttribute(net.sourceforge.pmd.lang.jsp.ast.JspParser,int)
location: class net.sourceforge.pmd.lang.jsp.ast.ASTAttribute
\Users\jsnajberk\Documents\GitHub\pmd\pmd\target\generated-sources\javacc\net\sourceforge\pmd\lang\jsp\ast\JspParser.java:[742,36] cannot find symbol
symbol  : constructor ASTAttributeValue(net.sourceforge.pmd.lang.jsp.ast.JspParser,int)
location: class net.sourceforge.pmd.lang.jsp.ast.ASTAttributeValue
\Users\jsnajberk\Documents\GitHub\pmd\pmd\target\generated-sources\javacc\net\sourceforge\pmd\lang\jsp\ast\JspParser.java:[931,46] cannot find symbol
symbol  : constructor ASTJspExpressionInAttribute(net.sourceforge.pmd.lang.jsp.ast.JspParser,int)
location: class net.sourceforge.pmd.lang.jsp.ast.ASTJspExpressionInAttribute
\Users\jsnajberk\Documents\GitHub\pmd\pmd\target\generated-sources\javacc\net\sourceforge\pmd\lang\jsp\ast\JspParser.java:[950,32] cannot find symbol
symbol  : constructor ASTCommentTag(net.sourceforge.pmd.lang.jsp.ast.JspParser,int)
location: class net.sourceforge.pmd.lang.jsp.ast.ASTCommentTag
\Users\jsnajberk\Documents\GitHub\pmd\pmd\target\generated-sources\javacc\net\sourceforge\pmd\lang\jsp\ast\JspParser.java:[982,33] cannot find symbol
symbol  : constructor ASTDeclaration(net.sourceforge.pmd.lang.jsp.ast.JspParser,int)
location: class net.sourceforge.pmd.lang.jsp.ast.ASTDeclaration
\Users\jsnajberk\Documents\GitHub\pmd\pmd\target\generated-sources\javacc\net\sourceforge\pmd\lang\jsp\ast\JspParser.java:[1025,40] cannot find symbol
symbol  : constructor ASTDoctypeDeclaration(net.sourceforge.pmd.lang.jsp.ast.JspParser,int)
location: class net.sourceforge.pmd.lang.jsp.ast.ASTDoctypeDeclaration
\Users\jsnajberk\Documents\GitHub\pmd\pmd\target\generated-sources\javacc\net\sourceforge\pmd\lang\jsp\ast\JspParser.java:[1082,39] cannot find symbol
symbol  : constructor ASTDoctypeExternalId(net.sourceforge.pmd.lang.jsp.ast.JspParser,int)
location: class net.sourceforge.pmd.lang.jsp.ast.ASTDoctypeExternalId
\Users\jsnajberk\Documents\GitHub\pmd\pmd\target\generated-sources\javacc\net\sourceforge\pmd\lang\jsp\ast\JspParser.java:[1121,32] cannot find symbol
symbol  : constructor ASTHtmlScript(net.sourceforge.pmd.lang.jsp.ast.JspParser,int)
location: class net.sourceforge.pmd.lang.jsp.ast.ASTHtmlScript
\Users\jsnajberk\Documents\GitHub\pmd\pmd\target\generated-sources\javacc\net\sourceforge\pmd\lang\java\ast\JavaParser.java:[132,31] cannot access JavaParser
class file for JavaParser not found
  ASTCompilationUnit jjtn000 = new ASTCompilationUnit(this, JJTCOMPILATIONUNIT);
\Users\jsnajberk\Documents\GitHub\pmd\pmd\target\generated-sources\javacc\net\sourceforge\pmd\lang\java\ast\JavaParser.java:[225,34] cannot find symbol
symbol  : constructor ASTPackageDeclaration(net.sourceforge.pmd.lang.java.ast.JavaParser,int)
location: class net.sourceforge.pmd.lang.java.ast.ASTPackageDeclaration
\Users\jsnajberk\Documents\GitHub\pmd\pmd\target\generated-sources\javacc\net\sourceforge\pmd\lang\java\ast\JavaParser.java:[267,33] cannot find symbol
symbol  : constructor ASTImportDeclaration(net.sourceforge.pmd.lang.java.ast.JavaParser,int)
location: class net.sourceforge.pmd.lang.java.ast.ASTImportDeclaration
\Users\jsnajberk\Documents\GitHub\pmd\pmd\target\generated-sources\javacc\net\sourceforge\pmd\lang\java\ast\JavaParser.java:[391,32] cannot find symbol
symbol  : constructor ASTTypeDeclaration(net.sourceforge.pmd.lang.java.ast.JavaParser,int)
location: class net.sourceforge.pmd.lang.java.ast.ASTTypeDeclaration
\Users\jsnajberk\Documents\GitHub\pmd\pmd\target\generated-sources\javacc\net\sourceforge\pmd\lang\java\ast\JavaParser.java:[462,41] cannot find symbol
symbol  : constructor ASTClassOrInterfaceDeclaration(net.sourceforge.pmd.lang.java.ast.JavaParser,int)
location: class net.sourceforge.pmd.lang.java.ast.ASTClassOrInterfaceDeclaration
\Users\jsnajberk\Documents\GitHub\pmd\pmd\target\generated-sources\javacc\net\sourceforge\pmd\lang\java\ast\JavaParser.java:[552,28] cannot find symbol
symbol  : constructor ASTExtendsList(net.sourceforge.pmd.lang.java.ast.JavaParser,int)
location: class net.sourceforge.pmd.lang.java.ast.ASTExtendsList
\Users\jsnajberk\Documents\GitHub\pmd\pmd\target\generated-sources\javacc\net\sourceforge\pmd\lang\java\ast\JavaParser.java:[595,30] cannot find symbol
symbol  : constructor ASTImplementsList(net.sourceforge.pmd.lang.java.ast.JavaParser,int)
location: class net.sourceforge.pmd.lang.java.ast.ASTImplementsList
\Users\jsnajberk\Documents\GitHub\pmd\pmd\target\generated-sources\javacc\net\sourceforge\pmd\lang\java\ast\JavaParser.java:[637,29] cannot find symbol
symbol  : constructor ASTEnumDeclaration(net.sourceforge.pmd.lang.java.ast.JavaParser,int)
location: class net.sourceforge.pmd.lang.java.ast.ASTEnumDeclaration
\Users\jsnajberk\Documents\GitHub\pmd\pmd\target\generated-sources\javacc\net\sourceforge\pmd\lang\java\ast\JavaParser.java:[684,24] cannot find symbol
symbol  : constructor ASTEnumBody(net.sourceforge.pmd.lang.java.ast.JavaParser,int)
location: class net.sourceforge.pmd.lang.java.ast.ASTEnumBody
\Users\jsnajberk\Documents\GitHub\pmd\pmd\target\generated-sources\javacc\net\sourceforge\pmd\lang\java\ast\JavaParser.java:[810,27] cannot find symbol
symbol  : constructor ASTEnumConstant(net.sourceforge.pmd.lang.java.ast.JavaParser,int)
location: class net.sourceforge.pmd.lang.java.ast.ASTEnumConstant
\Users\jsnajberk\Documents\GitHub\pmd\pmd\target\generated-sources\javacc\net\sourceforge\pmd\lang\java\ast\JavaParser.java:[855,30] cannot find symbol
symbol  : constructor ASTTypeParameters(net.sourceforge.pmd.lang.java.ast.JavaParser,int)
location: class net.sourceforge.pmd.lang.java.ast.ASTTypeParameters
\Users\jsnajberk\Documents\GitHub\pmd\pmd\target\generated-sources\javacc\net\sourceforge\pmd\lang\java\ast\JavaParser.java:[899,28] cannot find symbol
symbol  : constructor ASTTypeParameter(net.sourceforge.pmd.lang.java.ast.JavaParser,int)
location: class net.sourceforge.pmd.lang.java.ast.ASTTypeParameter
\Users\jsnajberk\Documents\GitHub\pmd\pmd\target\generated-sources\javacc\net\sourceforge\pmd\lang\java\ast\JavaParser.java:[936,25] cannot find symbol
symbol  : constructor ASTTypeBound(net.sourceforge.pmd.lang.java.ast.JavaParser,int)
location: class net.sourceforge.pmd.lang.java.ast.ASTTypeBound
\Users\jsnajberk\Documents\GitHub\pmd\pmd\target\generated-sources\javacc\net\sourceforge\pmd\lang\java\ast\JavaParser.java:[978,36] cannot find symbol
symbol  : constructor ASTClassOrInterfaceBody(net.sourceforge.pmd.lang.java.ast.JavaParser,int)
location: class net.sourceforge.pmd.lang.java.ast.ASTClassOrInterfaceBody
\Users\jsnajberk\Documents\GitHub\pmd\pmd\target\generated-sources\javacc\net\sourceforge\pmd\lang\java\ast\JavaParser.java:[1045,48] cannot find symbol
symbol  : constructor ASTClassOrInterfaceBodyDeclaration(net.sourceforge.pmd.lang.java.ast.JavaParser,int)
location: class net.sourceforge.pmd.lang.java.ast.ASTClassOrInterfaceBodyDeclaration
\Users\jsnajberk\Documents\GitHub\pmd\pmd\target\generated-sources\javacc\net\sourceforge\pmd\lang\java\ast\JavaParser.java:[1144,31] cannot find symbol
symbol  : constructor ASTFieldDeclaration(net.sourceforge.pmd.lang.java.ast.JavaParser,int)
location: class net.sourceforge.pmd.lang.java.ast.ASTFieldDeclaration
\Users\jsnajberk\Documents\GitHub\pmd\pmd\target\generated-sources\javacc\net\sourceforge\pmd\lang\java\ast\JavaParser.java:[1187,34] cannot find symbol
symbol  : constructor ASTVariableDeclarator(net.sourceforge.pmd.lang.java.ast.JavaParser,int)
location: class net.sourceforge.pmd.lang.java.ast.ASTVariableDeclarator
\Users\jsnajberk\Documents\GitHub\pmd\pmd\target\generated-sources\javacc\net\sourceforge\pmd\lang\java\ast\JavaParser.java:[1224,35] cannot find symbol
symbol  : constructor ASTVariableDeclaratorId(net.sourceforge.pmd.lang.java.ast.JavaParser,int)
location: class net.sourceforge.pmd.lang.java.ast.ASTVariableDeclaratorId
\Users\jsnajberk\Documents\GitHub\pmd\pmd\target\generated-sources\javacc\net\sourceforge\pmd\lang\java\ast\JavaParser.java:[1257,35] cannot find symbol
symbol  : constructor ASTVariableInitializer(net.sourceforge.pmd.lang.java.ast.JavaParser,int)
location: class net.sourceforge.pmd.lang.java.ast.ASTVariableInitializer
\Users\jsnajberk\Documents\GitHub\pmd\pmd\target\generated-sources\javacc\net\sourceforge\pmd\lang\java\ast\JavaParser.java:[1323,32] cannot find symbol
symbol  : constructor ASTArrayInitializer(net.sourceforge.pmd.lang.java.ast.JavaParser,int)
location: class net.sourceforge.pmd.lang.java.ast.ASTArrayInitializer
\Users\jsnajberk\Documents\GitHub\pmd\pmd\target\generated-sources\javacc\net\sourceforge\pmd\lang\java\ast\JavaParser.java:[1406,32] cannot find symbol
symbol  : constructor ASTMethodDeclaration(net.sourceforge.pmd.lang.java.ast.JavaParser,int)
location: class net.sourceforge.pmd.lang.java.ast.ASTMethodDeclaration
\Users\jsnajberk\Documents\GitHub\pmd\pmd\target\generated-sources\javacc\net\sourceforge\pmd\lang\java\ast\JavaParser.java:[1464,31] cannot find symbol
symbol  : constructor ASTMethodDeclarator(net.sourceforge.pmd.lang.java.ast.JavaParser,int)
location: class net.sourceforge.pmd.lang.java.ast.ASTMethodDeclarator
\Users\jsnajberk\Documents\GitHub\pmd\pmd\target\generated-sources\javacc\net\sourceforge\pmd\lang\java\ast\JavaParser.java:[1509,32] cannot find symbol
symbol  : constructor ASTFormalParameters(net.sourceforge.pmd.lang.java.ast.JavaParser,int)
location: class net.sourceforge.pmd.lang.java.ast.ASTFormalParameters
\Users\jsnajberk\Documents\GitHub\pmd\pmd\target\generated-sources\javacc\net\sourceforge\pmd\lang\java\ast\JavaParser.java:[1569,31] cannot find symbol
symbol  : constructor ASTFormalParameter(net.sourceforge.pmd.lang.java.ast.JavaParser,int)
location: class net.sourceforge.pmd.lang.java.ast.ASTFormalParameter
\Users\jsnajberk\Documents\GitHub\pmd\pmd\target\generated-sources\javacc\net\sourceforge\pmd\lang\java\ast\JavaParser.java:[1647,37] cannot find symbol
symbol  : constructor ASTConstructorDeclaration(net.sourceforge.pmd.lang.java.ast.JavaParser,int)
location: class net.sourceforge.pmd.lang.java.ast.ASTConstructorDeclaration
\Users\jsnajberk\Documents\GitHub\pmd\pmd\target\generated-sources\javacc\net\sourceforge\pmd\lang\java\ast\JavaParser.java:[1713,45] cannot find symbol
symbol  : constructor ASTExplicitConstructorInvocation(net.sourceforge.pmd.lang.java.ast.JavaParser,int)
location: class net.sourceforge.pmd.lang.java.ast.ASTExplicitConstructorInvocation
\Users\jsnajberk\Documents\GitHub\pmd\pmd\target\generated-sources\javacc\net\sourceforge\pmd\lang\java\ast\JavaParser.java:[1801,27] cannot find symbol
symbol  : constructor ASTInitializer(net.sourceforge.pmd.lang.java.ast.JavaParser,int)
location: class net.sourceforge.pmd.lang.java.ast.ASTInitializer
\Users\jsnajberk\Documents\GitHub\pmd\pmd\target\generated-sources\javacc\net\sourceforge\pmd\lang\java\ast\JavaParser.java:[1841,20] cannot find symbol
symbol  : constructor ASTType(net.sourceforge.pmd.lang.java.ast.JavaParser,int)
location: class net.sourceforge.pmd.lang.java.ast.ASTType
\Users\jsnajberk\Documents\GitHub\pmd\pmd\target\generated-sources\javacc\net\sourceforge\pmd\lang\java\ast\JavaParser.java:[1888,29] cannot find symbol
symbol  : constructor ASTReferenceType(net.sourceforge.pmd.lang.java.ast.JavaParser,int)
location: class net.sourceforge.pmd.lang.java.ast.ASTReferenceType
\Users\jsnajberk\Documents\GitHub\pmd\pmd\target\generated-sources\javacc\net\sourceforge\pmd\lang\java\ast\JavaParser.java:[1956,36] cannot find symbol
symbol  : constructor ASTClassOrInterfaceType(net.sourceforge.pmd.lang.java.ast.JavaParser,int)
location: class net.sourceforge.pmd.lang.java.ast.ASTClassOrInterfaceType
\Users\jsnajberk\Documents\GitHub\pmd\pmd\target\generated-sources\javacc\net\sourceforge\pmd\lang\java\ast\JavaParser.java:[2010,29] cannot find symbol
symbol  : constructor ASTTypeArguments(net.sourceforge.pmd.lang.java.ast.JavaParser,int)
location: class net.sourceforge.pmd.lang.java.ast.ASTTypeArguments
\Users\jsnajberk\Documents\GitHub\pmd\pmd\target\generated-sources\javacc\net\sourceforge\pmd\lang\java\ast\JavaParser.java:[2068,28] cannot find symbol
symbol  : constructor ASTTypeArgument(net.sourceforge.pmd.lang.java.ast.JavaParser,int)
location: class net.sourceforge.pmd.lang.java.ast.ASTTypeArgument
\Users\jsnajberk\Documents\GitHub\pmd\pmd\target\generated-sources\javacc\net\sourceforge\pmd\lang\java\ast\JavaParser.java:[2124,30] cannot find symbol
symbol  : constructor ASTWildcardBounds(net.sourceforge.pmd.lang.java.ast.JavaParser,int)
location: class net.sourceforge.pmd.lang.java.ast.ASTWildcardBounds
\Users\jsnajberk\Documents\GitHub\pmd\pmd\target\generated-sources\javacc\net\sourceforge\pmd\lang\java\ast\JavaParser.java:[2165,29] cannot find symbol
symbol  : constructor ASTPrimitiveType(net.sourceforge.pmd.lang.java.ast.JavaParser,int)
location: class net.sourceforge.pmd.lang.java.ast.ASTPrimitiveType
\Users\jsnajberk\Documents\GitHub\pmd\pmd\target\generated-sources\javacc\net\sourceforge\pmd\lang\java\ast\JavaParser.java:[2232,26] cannot find symbol
symbol  : constructor ASTResultType(net.sourceforge.pmd.lang.java.ast.JavaParser,int)
location: class net.sourceforge.pmd.lang.java.ast.ASTResultType
\Users\jsnajberk\Documents\GitHub\pmd\pmd\target\generated-sources\javacc\net\sourceforge\pmd\lang\java\ast\JavaParser.java:[2279,20] cannot find symbol
symbol  : constructor ASTName(net.sourceforge.pmd.lang.java.ast.JavaParser,int)
location: class net.sourceforge.pmd.lang.java.ast.ASTName
\Users\jsnajberk\Documents\GitHub\pmd\pmd\target\generated-sources\javacc\net\sourceforge\pmd\lang\java\ast\JavaParser.java:[2311,24] cannot find symbol
symbol  : constructor ASTNameList(net.sourceforge.pmd.lang.java.ast.JavaParser,int)
location: class net.sourceforge.pmd.lang.java.ast.ASTNameList
\Users\jsnajberk\Documents\GitHub\pmd\pmd\target\generated-sources\javacc\net\sourceforge\pmd\lang\java\ast\JavaParser.java:[2355,26] cannot find symbol
symbol  : constructor ASTExpression(net.sourceforge.pmd.lang.java.ast.JavaParser,int)
location: class net.sourceforge.pmd.lang.java.ast.ASTExpression
\Users\jsnajberk\Documents\GitHub\pmd\pmd\target\generated-sources\javacc\net\sourceforge\pmd\lang\java\ast\JavaParser.java:[2403,34] cannot find symbol
symbol  : constructor ASTAssignmentOperator(net.sourceforge.pmd.lang.java.ast.JavaParser,int)
location: class net.sourceforge.pmd.lang.java.ast.ASTAssignmentOperator
\Users\jsnajberk\Documents\GitHub\pmd\pmd\target\generated-sources\javacc\net\sourceforge\pmd\lang\java\ast\JavaParser.java:[2494,37] cannot find symbol
symbol  : constructor ASTConditionalExpression(net.sourceforge.pmd.lang.java.ast.JavaParser,int)
location: class net.sourceforge.pmd.lang.java.ast.ASTConditionalExpression
\Users\jsnajberk\Documents\GitHub\pmd\pmd\target\generated-sources\javacc\net\sourceforge\pmd\lang\java\ast\JavaParser.java:[2534,39] cannot find symbol
symbol  : constructor ASTConditionalOrExpression(net.sourceforge.pmd.lang.java.ast.JavaParser,int)
location: class net.sourceforge.pmd.lang.java.ast.ASTConditionalOrExpression
\Users\jsnajberk\Documents\GitHub\pmd\pmd\target\generated-sources\javacc\net\sourceforge\pmd\lang\java\ast\JavaParser.java:[2575,40] cannot find symbol
symbol  : constructor ASTConditionalAndExpression(net.sourceforge.pmd.lang.java.ast.JavaParser,int)
location: class net.sourceforge.pmd.lang.java.ast.ASTConditionalAndExpression
\Users\jsnajberk\Documents\GitHub\pmd\pmd\target\generated-sources\javacc\net\sourceforge\pmd\lang\java\ast\JavaParser.java:[2616,37] cannot find symbol
symbol  : constructor ASTInclusiveOrExpression(net.sourceforge.pmd.lang.java.ast.JavaParser,int)
location: class net.sourceforge.pmd.lang.java.ast.ASTInclusiveOrExpression
\Users\jsnajberk\Documents\GitHub\pmd\pmd\target\generated-sources\javacc\net\sourceforge\pmd\lang\java\ast\JavaParser.java:[2657,37] cannot find symbol
symbol  : constructor ASTExclusiveOrExpression(net.sourceforge.pmd.lang.java.ast.JavaParser,int)
location: class net.sourceforge.pmd.lang.java.ast.ASTExclusiveOrExpression
\Users\jsnajberk\Documents\GitHub\pmd\pmd\target\generated-sources\javacc\net\sourceforge\pmd\lang\java\ast\JavaParser.java:[2698,29] cannot find symbol
symbol  : constructor ASTAndExpression(net.sourceforge.pmd.lang.java.ast.JavaParser,int)
location: class net.sourceforge.pmd.lang.java.ast.ASTAndExpression
\Users\jsnajberk\Documents\GitHub\pmd\pmd\target\generated-sources\javacc\net\sourceforge\pmd\lang\java\ast\JavaParser.java:[2739,34] cannot find symbol
symbol  : constructor ASTEqualityExpression(net.sourceforge.pmd.lang.java.ast.JavaParser,int)
location: class net.sourceforge.pmd.lang.java.ast.ASTEqualityExpression
\Users\jsnajberk\Documents\GitHub\pmd\pmd\target\generated-sources\javacc\net\sourceforge\pmd\lang\java\ast\JavaParser.java:[2794,36] cannot find symbol
symbol  : constructor ASTInstanceOfExpression(net.sourceforge.pmd.lang.java.ast.JavaParser,int)
location: class net.sourceforge.pmd.lang.java.ast.ASTInstanceOfExpression
\Users\jsnajberk\Documents\GitHub\pmd\pmd\target\generated-sources\javacc\net\sourceforge\pmd\lang\java\ast\JavaParser.java:[2831,36] cannot find symbol
symbol  : constructor ASTRelationalExpression(net.sourceforge.pmd.lang.java.ast.JavaParser,int)
location: class net.sourceforge.pmd.lang.java.ast.ASTRelationalExpression
\Users\jsnajberk\Documents\GitHub\pmd\pmd\target\generated-sources\javacc\net\sourceforge\pmd\lang\java\ast\JavaParser.java:[2896,31] cannot find symbol
symbol  : constructor ASTShiftExpression(net.sourceforge.pmd.lang.java.ast.JavaParser,int)
location: class net.sourceforge.pmd.lang.java.ast.ASTShiftExpression
\Users\jsnajberk\Documents\GitHub\pmd\pmd\target\generated-sources\javacc\net\sourceforge\pmd\lang\java\ast\JavaParser.java:[2949,34] cannot find symbol
symbol  : constructor ASTAdditiveExpression(net.sourceforge.pmd.lang.java.ast.JavaParser,int)
location: class net.sourceforge.pmd.lang.java.ast.ASTAdditiveExpression
\Users\jsnajberk\Documents\GitHub\pmd\pmd\target\generated-sources\javacc\net\sourceforge\pmd\lang\java\ast\JavaParser.java:[3004,40] cannot find symbol
symbol  : constructor ASTMultiplicativeExpression(net.sourceforge.pmd.lang.java.ast.JavaParser,int)
location: class net.sourceforge.pmd.lang.java.ast.ASTMultiplicativeExpression
\Users\jsnajberk\Documents\GitHub\pmd\pmd\target\generated-sources\javacc\net\sourceforge\pmd\lang\java\ast\JavaParser.java:[3064,31] cannot find symbol
symbol  : constructor ASTUnaryExpression(net.sourceforge.pmd.lang.java.ast.JavaParser,int)
location: class net.sourceforge.pmd.lang.java.ast.ASTUnaryExpression
\Users\jsnajberk\Documents\GitHub\pmd\pmd\target\generated-sources\javacc\net\sourceforge\pmd\lang\java\ast\JavaParser.java:[3147,38] cannot find symbol
symbol  : constructor ASTPreIncrementExpression(net.sourceforge.pmd.lang.java.ast.JavaParser,int)
location: class net.sourceforge.pmd.lang.java.ast.ASTPreIncrementExpression
\Users\jsnajberk\Documents\GitHub\pmd\pmd\target\generated-sources\javacc\net\sourceforge\pmd\lang\java\ast\JavaParser.java:[3176,38] cannot find symbol
symbol  : constructor ASTPreDecrementExpression(net.sourceforge.pmd.lang.java.ast.JavaParser,int)
location: class net.sourceforge.pmd.lang.java.ast.ASTPreDecrementExpression
\Users\jsnajberk\Documents\GitHub\pmd\pmd\target\generated-sources\javacc\net\sourceforge\pmd\lang\java\ast\JavaParser.java:[3205,43] cannot find symbol
symbol  : constructor ASTUnaryExpressionNotPlusMinus(net.sourceforge.pmd.lang.java.ast.JavaParser,int)
location: class net.sourceforge.pmd.lang.java.ast.ASTUnaryExpressionNotPlusMinus
\Users\jsnajberk\Documents\GitHub\pmd\pmd\target\generated-sources\javacc\net\sourceforge\pmd\lang\java\ast\JavaParser.java:[3353,33] cannot find symbol
symbol  : constructor ASTPostfixExpression(net.sourceforge.pmd.lang.java.ast.JavaParser,int)
location: class net.sourceforge.pmd.lang.java.ast.ASTPostfixExpression
\Users\jsnajberk\Documents\GitHub\pmd\pmd\target\generated-sources\javacc\net\sourceforge\pmd\lang\java\ast\JavaParser.java:[3403,30] cannot find symbol
symbol  : constructor ASTCastExpression(net.sourceforge.pmd.lang.java.ast.JavaParser,int)
location: class net.sourceforge.pmd.lang.java.ast.ASTCastExpression
\Users\jsnajberk\Documents\GitHub\pmd\pmd\target\generated-sources\javacc\net\sourceforge\pmd\lang\java\ast\JavaParser.java:[3449,33] cannot find symbol
symbol  : constructor ASTPrimaryExpression(net.sourceforge.pmd.lang.java.ast.JavaParser,int)
location: class net.sourceforge.pmd.lang.java.ast.ASTPrimaryExpression
\Users\jsnajberk\Documents\GitHub\pmd\pmd\target\generated-sources\javacc\net\sourceforge\pmd\lang\java\ast\JavaParser.java:[3486,28] cannot find symbol
symbol  : constructor ASTMemberSelector(net.sourceforge.pmd.lang.java.ast.JavaParser,int)
location: class net.sourceforge.pmd.lang.java.ast.ASTMemberSelector
\Users\jsnajberk\Documents\GitHub\pmd\pmd\target\generated-sources\javacc\net\sourceforge\pmd\lang\java\ast\JavaParser.java:[3519,28] cannot find symbol
symbol  : constructor ASTPrimaryPrefix(net.sourceforge.pmd.lang.java.ast.JavaParser,int)
location: class net.sourceforge.pmd.lang.java.ast.ASTPrimaryPrefix
\Users\jsnajberk\Documents\GitHub\pmd\pmd\target\generated-sources\javacc\net\sourceforge\pmd\lang\java\ast\JavaParser.java:[3595,28] cannot find symbol
symbol  : constructor ASTPrimarySuffix(net.sourceforge.pmd.lang.java.ast.JavaParser,int)
location: class net.sourceforge.pmd.lang.java.ast.ASTPrimarySuffix
\Users\jsnajberk\Documents\GitHub\pmd\pmd\target\generated-sources\javacc\net\sourceforge\pmd\lang\java\ast\JavaParser.java:[3659,23] cannot find symbol
symbol  : constructor ASTLiteral(net.sourceforge.pmd.lang.java.ast.JavaParser,int)
location: class net.sourceforge.pmd.lang.java.ast.ASTLiteral
\Users\jsnajberk\Documents\GitHub\pmd\pmd\target\generated-sources\javacc\net\sourceforge\pmd\lang\java\ast\JavaParser.java:[3730,30] cannot find symbol
symbol  : constructor ASTBooleanLiteral(net.sourceforge.pmd.lang.java.ast.JavaParser,int)
location: class net.sourceforge.pmd.lang.java.ast.ASTBooleanLiteral
\Users\jsnajberk\Documents\GitHub\pmd\pmd\target\generated-sources\javacc\net\sourceforge\pmd\lang\java\ast\JavaParser.java:[3758,27] cannot find symbol
symbol  : constructor ASTNullLiteral(net.sourceforge.pmd.lang.java.ast.JavaParser,int)
location: class net.sourceforge.pmd.lang.java.ast.ASTNullLiteral
\Users\jsnajberk\Documents\GitHub\pmd\pmd\target\generated-sources\javacc\net\sourceforge\pmd\lang\java\ast\JavaParser.java:[3772,25] cannot find symbol
symbol  : constructor ASTArguments(net.sourceforge.pmd.lang.java.ast.JavaParser,int)
location: class net.sourceforge.pmd.lang.java.ast.ASTArguments
\Users\jsnajberk\Documents\GitHub\pmd\pmd\target\generated-sources\javacc\net\sourceforge\pmd\lang\java\ast\JavaParser.java:[3836,28] cannot find symbol
symbol  : constructor ASTArgumentList(net.sourceforge.pmd.lang.java.ast.JavaParser,int)
location: class net.sourceforge.pmd.lang.java.ast.ASTArgumentList
\Users\jsnajberk\Documents\GitHub\pmd\pmd\target\generated-sources\javacc\net\sourceforge\pmd\lang\java\ast\JavaParser.java:[3877,36] cannot find symbol
symbol  : constructor ASTAllocationExpression(net.sourceforge.pmd.lang.java.ast.JavaParser,int)
location: class net.sourceforge.pmd.lang.java.ast.ASTAllocationExpression
\Users\jsnajberk\Documents\GitHub\pmd\pmd\target\generated-sources\javacc\net\sourceforge\pmd\lang\java\ast\JavaParser.java:[3952,33] cannot find symbol
symbol  : constructor ASTArrayDimsAndInits(net.sourceforge.pmd.lang.java.ast.JavaParser,int)
location: class net.sourceforge.pmd.lang.java.ast.ASTArrayDimsAndInits
\Users\jsnajberk\Documents\GitHub\pmd\pmd\target\generated-sources\javacc\net\sourceforge\pmd\lang\java\ast\JavaParser.java:[4028,25] cannot find symbol
symbol  : constructor ASTStatement(net.sourceforge.pmd.lang.java.ast.JavaParser,int)
location: class net.sourceforge.pmd.lang.java.ast.ASTStatement
\Users\jsnajberk\Documents\GitHub\pmd\pmd\target\generated-sources\javacc\net\sourceforge\pmd\lang\java\ast\JavaParser.java:[4133,31] cannot find symbol
symbol  : constructor ASTLabeledStatement(net.sourceforge.pmd.lang.java.ast.JavaParser,int)
location: class net.sourceforge.pmd.lang.java.ast.ASTLabeledStatement
\Users\jsnajberk\Documents\GitHub\pmd\pmd\target\generated-sources\javacc\net\sourceforge\pmd\lang\java\ast\JavaParser.java:[4164,20] cannot find symbol
symbol  : constructor ASTBlock(net.sourceforge.pmd.lang.java.ast.JavaParser,int)
location: class net.sourceforge.pmd.lang.java.ast.ASTBlock
\Users\jsnajberk\Documents\GitHub\pmd\pmd\target\generated-sources\javacc\net\sourceforge\pmd\lang\java\ast\JavaParser.java:[4205,30] cannot find symbol
symbol  : constructor ASTBlockStatement(net.sourceforge.pmd.lang.java.ast.JavaParser,int)
location: class net.sourceforge.pmd.lang.java.ast.ASTBlockStatement
\Users\jsnajberk\Documents\GitHub\pmd\pmd\target\generated-sources\javacc\net\sourceforge\pmd\lang\java\ast\JavaParser.java:[4253,40] cannot find symbol
symbol  : constructor ASTLocalVariableDeclaration(net.sourceforge.pmd.lang.java.ast.JavaParser,int)
location: class net.sourceforge.pmd.lang.java.ast.ASTLocalVariableDeclaration
\Users\jsnajberk\Documents\GitHub\pmd\pmd\target\generated-sources\javacc\net\sourceforge\pmd\lang\java\ast\JavaParser.java:[4320,30] cannot find symbol
symbol  : constructor ASTEmptyStatement(net.sourceforge.pmd.lang.java.ast.JavaParser,int)
location: class net.sourceforge.pmd.lang.java.ast.ASTEmptyStatement

[INFO] ------------------------------------------------------------------------
[INFO] For more information, run Maven with the -e switch
[INFO] ------------------------------------------------------------------------
[INFO] Total time: 4 seconds
[INFO] Finished at: Fri Feb 15 10:42:18 CET 2013
[INFO] Final Memory: 27M/66M
[INFO] ------------------------------------------------------------------------
